Using pre-set license
Built from '2020.3/release' branch; Version is '2020.3.7f1 (dd97f2c94397) revision 14522354'; Using compiler version '192528614'; Build Type 'Release'
OS: 'Windows 10 Pro; OS build 19042.1415; Version 2009; 64bit' Language: 'ko' Physical Memory: 16240 MB
BatchMode: 1, IsHumanControllingUs: 0, StartBugReporterOnCrash: 0, Is64bit: 1, IsPro: 0

 COMMAND LINE ARGUMENTS:
C:\Program Files\2020.3.7f1\Editor\Unity.exe
-adb2
-batchMode
-noUpm
-name
AssetImportWorker0
-projectPath
C:/Users/hyunb/Documents/Github/VR_Shooting/VR_Shooting
-logFile
Logs/AssetImportWorker0.log
-srvPort
11081
Successfully changed project path to: C:/Users/hyunb/Documents/Github/VR_Shooting/VR_Shooting
C:/Users/hyunb/Documents/Github/VR_Shooting/VR_Shooting
Using Asset Import Pipeline V2.
Refreshing native plugins compatible for Editor in 48.84 ms, found 3 plugins.
Preloading 0 native plugins for Editor in 0.00 ms.
Initialize engine version: 2020.3.7f1 (dd97f2c94397)
[Subsystems] Discovering subsystems at path C:/Program Files/2020.3.7f1/Editor/Data/Resources/UnitySubsystems
[Subsystems] Discovering subsystems at path C:/Users/hyunb/Documents/Github/VR_Shooting/VR_Shooting/Assets
GfxDevice: creating device client; threaded=0
Direct3D:
    Version:  Direct3D 11.0 [level 11.1]
    Renderer: NVIDIA GeForce GTX 1060 (ID=0x1c20)
    Vendor:   
    VRAM:     6052 MB
    Driver:   30.0.14.9729
Initialize mono
Mono path[0] = 'C:/Program Files/2020.3.7f1/Editor/Data/Managed'
Mono path[1] = 'C:/Program Files/2020.3.7f1/Editor/Data/MonoBleedingEdge/lib/mono/unityjit'
Mono config path = 'C:/Program Files/2020.3.7f1/Editor/Data/MonoBleedingEdge/etc'
Using monoOptions --debugger-agent=transport=dt_socket,embedding=1,server=y,suspend=n,address=127.0.0.1:56784
Begin MonoManager ReloadAssembly
Registering precompiled unity dll's ...
Register platform support module: C:/Program Files/2020.3.7f1/Editor/Data/PlaybackEngines/WindowsStandaloneSupport/UnityEditor.WindowsStandalone.Extensions.dll
Register platform support module: C:/Program Files/2020.3.7f1/Editor/Data/PlaybackEngines/LinuxStandaloneSupport/UnityEditor.LinuxStandalone.Extensions.dll
Registered in 0.004384 seconds.
Native extension for LinuxStandalone target not found
Native extension for WindowsStandalone target not found
Refreshing native plugins compatible for Editor in 36.02 ms, found 3 plugins.
Preloading 0 native plugins for Editor in 0.00 ms.
Mono: successfully reloaded assembly
- Completed reload, in  2.680 seconds
Platform modules already initialized, skipping
Registering precompiled user dll's ...
Registered in 0.007994 seconds.
Begin MonoManager ReloadAssembly
Native extension for LinuxStandalone target not found
Native extension for WindowsStandalone target not found
Refreshing native plugins compatible for Editor in 0.44 ms, found 3 plugins.
Preloading 0 native plugins for Editor in 0.00 ms.
Mono: successfully reloaded assembly
- Completed reload, in  1.018 seconds
Platform modules already initialized, skipping
========================================================================
Worker process is ready to serve import requests
Launched and connected shader compiler UnityShaderCompiler.exe after 0.05 seconds
Refreshing native plugins compatible for Editor in 0.42 ms, found 3 plugins.
Preloading 0 native plugins for Editor in 0.00 ms.
Unloading 1665 Unused Serialized files (Serialized files now loaded: 0)
System memory in use before: 80.7 MB.
System memory in use after: 80.7 MB.

Unloading 19 unused Assets to reduce memory usage. Loaded Objects now: 2105.
Total: 1.895300 ms (FindLiveObjects: 0.253300 ms CreateObjectMapping: 0.077200 ms MarkObjects: 1.494500 ms  DeleteObjects: 0.069000 ms)

========================================================================
Received Prepare
Refreshing native plugins compatible for Editor in 4.15 ms, found 3 plugins.
Preloading 0 native plugins for Editor in 0.00 ms.
Unloading 10 Unused Serialized files (Serialized files now loaded: 0)
System memory in use before: 46.7 MB.
System memory in use after: 46.8 MB.

Unloading 10 unused Assets to reduce memory usage. Loaded Objects now: 2105.
Total: 2.038100 ms (FindLiveObjects: 0.313100 ms CreateObjectMapping: 0.089000 ms MarkObjects: 1.572400 ms  DeleteObjects: 0.061900 ms)

========================================================================
Received Import Request.
  path: Assets/Resources/Controller.prefab
  artifactKey: Guid(792d93e6b8acfe84e8863c35e77056f7) Importer(815301076,1909f56bfc062723c751e8b465ee728b)
Start importing Assets/Resources/Controller.prefab using Guid(792d93e6b8acfe84e8863c35e77056f7) Importer(815301076,1909f56bfc062723c751e8b465ee728b)  -> (artifact id: '27f7c05bace4bd480add19bba8893837') in 0.090311 seconds
  Import took 0.093122 seconds .

========================================================================
Received Import Request.
  Time since last request: 0.084550 seconds.
  path: Assets/Resources/Controller.prefab
  artifactKey: Guid(792d93e6b8acfe84e8863c35e77056f7) Importer(815301076,1909f56bfc062723c751e8b465ee728b)
Start importing Assets/Resources/Controller.prefab using Guid(792d93e6b8acfe84e8863c35e77056f7) Importer(815301076,1909f56bfc062723c751e8b465ee728b)  -> (artifact id: '27f7c05bace4bd480add19bba8893837') in 0.007946 seconds
  Import took 0.010829 seconds .

========================================================================
Received Import Request.
  Time since last request: 36.012706 seconds.
  path: Assets/Resources/Controller.prefab
  artifactKey: Guid(792d93e6b8acfe84e8863c35e77056f7) Importer(815301076,1909f56bfc062723c751e8b465ee728b)
Start importing Assets/Resources/Controller.prefab using Guid(792d93e6b8acfe84e8863c35e77056f7) Importer(815301076,1909f56bfc062723c751e8b465ee728b)  -> (artifact id: '63f286ed054ecb11a1dac7c69fe67557') in 0.008057 seconds
  Import took 0.010908 seconds .

========================================================================
Received Import Request.
  Time since last request: 0.019213 seconds.
  path: Assets/Resources/Controller.prefab
  artifactKey: Guid(792d93e6b8acfe84e8863c35e77056f7) Importer(815301076,1909f56bfc062723c751e8b465ee728b)
Start importing Assets/Resources/Controller.prefab using Guid(792d93e6b8acfe84e8863c35e77056f7) Importer(815301076,1909f56bfc062723c751e8b465ee728b)  -> (artifact id: '63f286ed054ecb11a1dac7c69fe67557') in 0.008281 seconds
  Import took 0.011521 seconds .

========================================================================
Received Prepare
Registering precompiled user dll's ...
Registered in 0.008505 seconds.
Begin MonoManager ReloadAssembly
Native extension for LinuxStandalone target not found
Native extension for WindowsStandalone target not found
Refreshing native plugins compatible for Editor in 0.43 ms, found 3 plugins.
Preloading 0 native plugins for Editor in 0.00 ms.
Mono: successfully reloaded assembly
- Completed reload, in  1.100 seconds
Platform modules already initialized, skipping
Refreshing native plugins compatible for Editor in 0.41 ms, found 3 plugins.
Preloading 0 native plugins for Editor in 0.00 ms.
Unloading 1639 Unused Serialized files (Serialized files now loaded: 0)
System memory in use before: 79.0 MB.
System memory in use after: 79.1 MB.

Unloading 13 unused Assets to reduce memory usage. Loaded Objects now: 2110.
Total: 2.031000 ms (FindLiveObjects: 0.259100 ms CreateObjectMapping: 0.074000 ms MarkObjects: 1.648200 ms  DeleteObjects: 0.048200 ms)

========================================================================
Received Import Request.
  Time since last request: 102.174572 seconds.
  path: Assets/Resources/Controller.prefab
  artifactKey: Guid(792d93e6b8acfe84e8863c35e77056f7) Importer(815301076,1909f56bfc062723c751e8b465ee728b)
Start importing Assets/Resources/Controller.prefab using Guid(792d93e6b8acfe84e8863c35e77056f7) Importer(815301076,1909f56bfc062723c751e8b465ee728b)  -> (artifact id: 'e3e4a5a37b66f23b7a388f199c8bde10') in 0.065975 seconds
  Import took 0.069390 seconds .

========================================================================
Received Prepare
Refreshing native plugins compatible for Editor in 4.83 ms, found 3 plugins.
Preloading 0 native plugins for Editor in 0.00 ms.
Unloading 10 Unused Serialized files (Serialized files now loaded: 0)
System memory in use before: 47.2 MB.
System memory in use after: 47.2 MB.

Unloading 10 unused Assets to reduce memory usage. Loaded Objects now: 2110.
Total: 3.495600 ms (FindLiveObjects: 0.230200 ms CreateObjectMapping: 0.072000 ms MarkObjects: 3.126300 ms  DeleteObjects: 0.065300 ms)

========================================================================
Received Prepare
Registering precompiled user dll's ...
Registered in 0.010140 seconds.
Begin MonoManager ReloadAssembly
Native extension for LinuxStandalone target not found
Native extension for WindowsStandalone target not found
Refreshing native plugins compatible for Editor in 0.70 ms, found 3 plugins.
Preloading 0 native plugins for Editor in 0.00 ms.
Mono: successfully reloaded assembly
- Completed reload, in  1.182 seconds
Platform modules already initialized, skipping
Refreshing native plugins compatible for Editor in 0.61 ms, found 3 plugins.
Preloading 0 native plugins for Editor in 0.00 ms.
Unloading 1639 Unused Serialized files (Serialized files now loaded: 0)
System memory in use before: 79.5 MB.
System memory in use after: 79.6 MB.

Unloading 13 unused Assets to reduce memory usage. Loaded Objects now: 2115.
Total: 2.964400 ms (FindLiveObjects: 0.305300 ms CreateObjectMapping: 0.119400 ms MarkObjects: 2.483400 ms  DeleteObjects: 0.054300 ms)

